<?xml version="1.0" encoding="UTF-8"?>
<!-- Generated by org.testng.reporters.JUnitReportReporter -->
<testsuite hostname="BICWS0202-PC" name="com.acc.test.SimpleProject.DemoQATest" tests="1" failures="0" timestamp="15 Sep 2017 20:28:55 GMT" time="27.490" errors="0">
  <testcase name="testRegistrationForm" time="27.490" classname="com.acc.test.SimpleProject.DemoQATest"/>
</testsuite> <!-- com.acc.test.SimpleProject.DemoQATest -->
